# JRE version: Java(TM) SE Runtime Environment (8.0_161-b12) (build 1.8.0_161-b12)
# Java VM: Java HotSpot(TM) 64-Bit Server VM (25.161-b12 mixed mode linux-amd64 compressed oops)
Heap:
 PSYoungGen      total 285696K, used 151962K [0x00000000ebd00000, 0x0000000100000000, 0x0000000100000000)
  eden space 246272K, 49% used [0x00000000ebd00000,0x00000000f34d64c0,0x00000000fad80000)
  from space 39424K, 74% used [0x00000000fad80000,0x00000000fca10368,0x00000000fd400000)
  to   space 41472K, 0% used [0x00000000fd780000,0x00000000fd780000,0x0000000100000000)
 ParOldGen       total 126976K, used 69510K [0x00000000c3600000, 0x00000000cb200000, 0x00000000ebd00000)
  object space 126976K, 54% used [0x00000000c3600000,0x00000000c79e1ba0,0x00000000cb200000)
 Metaspace       used 23336K, capacity 23708K, committed 24064K, reserved 1071104K
  class space    used 2735K, capacity 2798K, committed 2816K, reserved 1048576K
GC Heap History (10 events):
Event: 148,817 GC heap before
{Heap before GC invocations=18 (full 2):
 PSYoungGen      total 148992K, used 135296K [0x00000000ebd00000, 0x00000000fc000000, 0x0000000100000000)
  eden space 129536K, 100% used [0x00000000ebd00000,0x00000000f3b80000,0x00000000f3b80000)
  from space 19456K, 29% used [0x00000000f3b80000,0x00000000f4120310,0x00000000f4e80000)
  to   space 30720K, 0% used [0x00000000fa200000,0x00000000fa200000,0x00000000fc000000)
 ParOldGen       total 99328K, used 53439K [0x00000000c3600000, 0x00000000c9700000, 0x00000000ebd00000)
  object space 99328K, 53% used [0x00000000c3600000,0x00000000c6a2ff90,0x00000000c9700000)
 Metaspace       used 22467K, capacity 22852K, committed 23168K, reserved 1069056K
  class space    used 2621K, capacity 2666K, committed 2688K, reserved 1048576K
Event: 158,597 GC heap after
Heap after GC invocations=18 (full 2):
 PSYoungGen      total 218624K, used 30698K [0x00000000ebd00000, 0x00000000fc580000, 0x0000000100000000)
  eden space 187904K, 0% used [0x00000000ebd00000,0x00000000ebd00000,0x00000000f7480000)
  from space 30720K, 99% used [0x00000000fa200000,0x00000000fbffaa80,0x00000000fc000000)
  to   space 41472K, 0% used [0x00000000f7480000,0x00000000f7480000,0x00000000f9d00000)
 ParOldGen       total 99328K, used 70023K [0x00000000c3600000, 0x00000000c9700000, 0x00000000ebd00000)
  object space 99328K, 70% used [0x00000000c3600000,0x00000000c7a61d68,0x00000000c9700000)
 Metaspace       used 22467K, capacity 22852K, committed 23168K, reserved 1069056K
  class space    used 2621K, capacity 2666K, committed 2688K, reserved 1048576K
}
Event: 218,667 GC heap before
{Heap before GC invocations=19 (full 2):
 PSYoungGen      total 218624K, used 218602K [0x00000000ebd00000, 0x00000000fc580000, 0x0000000100000000)
  eden space 187904K, 100% used [0x00000000ebd00000,0x00000000f7480000,0x00000000f7480000)
  from space 30720K, 99% used [0x00000000fa200000,0x00000000fbffaa80,0x00000000fc000000)
  to   space 41472K, 0% used [0x00000000f7480000,0x00000000f7480000,0x00000000f9d00000)
 ParOldGen       total 99328K, used 70023K [0x00000000c3600000, 0x00000000c9700000, 0x00000000ebd00000)
  object space 99328K, 70% used [0x00000000c3600000,0x00000000c7a61d68,0x00000000c9700000)
 Metaspace       used 23328K, capacity 23708K, committed 24064K, reserved 1071104K
  class space    used 2735K, capacity 2798K, committed 2816K, reserved 1048576K
Event: 230,724 GC heap after
Heap after GC invocations=19 (full 2):
 PSYoungGen      total 229376K, used 20252K [0x00000000ebd00000, 0x00000000ffb80000, 0x0000000100000000)
  eden space 187904K, 0% used [0x00000000ebd00000,0x00000000ebd00000,0x00000000f7480000)
  from space 41472K, 48% used [0x00000000f7480000,0x00000000f88472e0,0x00000000f9d00000)
  to   space 40448K, 0% used [0x00000000fd400000,0x00000000fd400000,0x00000000ffb80000)
 ParOldGen       total 99328K, used 89035K [0x00000000c3600000, 0x00000000c9700000, 0x00000000ebd00000)
  object space 99328K, 89% used [0x00000000c3600000,0x00000000c8cf2f48,0x00000000c9700000)
 Metaspace       used 23328K, capacity 23708K, committed 24064K, reserved 1071104K
  class space    used 2735K, capacity 2798K, committed 2816K, reserved 1048576K
}
Event: 230,724 GC heap before
{Heap before GC invocations=20 (full 3):
 PSYoungGen      total 229376K, used 20252K [0x00000000ebd00000, 0x00000000ffb80000, 0x0000000100000000)
  eden space 187904K, 0% used [0x00000000ebd00000,0x00000000ebd00000,0x00000000f7480000)
  from space 41472K, 48% used [0x00000000f7480000,0x00000000f88472e0,0x00000000f9d00000)
  to   space 40448K, 0% used [0x00000000fd400000,0x00000000fd400000,0x00000000ffb80000)
 ParOldGen       total 99328K, used 89035K [0x00000000c3600000, 0x00000000c9700000, 0x00000000ebd00000)
  object space 99328K, 89% used [0x00000000c3600000,0x00000000c8cf2f48,0x00000000c9700000)
 Metaspace       used 23328K, capacity 23708K, committed 24064K, reserved 1071104K
  class space    used 2735K, capacity 2798K, committed 2816K, reserved 1048576K
Event: 231,565 GC heap after
Heap after GC invocations=20 (full 3):
 PSYoungGen      total 229376K, used 0K [0x00000000ebd00000, 0x00000000ffb80000, 0x0000000100000000)
  eden space 187904K, 0% used [0x00000000ebd00000,0x00000000ebd00000,0x00000000f7480000)
  from space 41472K, 0% used [0x00000000f7480000,0x00000000f7480000,0x00000000f9d00000)
  to   space 40448K, 0% used [0x00000000fd400000,0x00000000fd400000,0x00000000ffb80000)
 ParOldGen       total 126976K, used 69462K [0x00000000c3600000, 0x00000000cb200000, 0x00000000ebd00000)
  object space 126976K, 54% used [0x00000000c3600000,0x00000000c79d5b90,0x00000000cb200000)
 Metaspace       used 23328K, capacity 23708K, committed 24064K, reserved 1071104K
  class space    used 2735K, capacity 2798K, committed 2816K, reserved 1048576K
}
Event: 270,079 GC heap before
{Heap before GC invocations=21 (full 3):
 PSYoungGen      total 229376K, used 187904K [0x00000000ebd00000, 0x00000000ffb80000, 0x0000000100000000)
  eden space 187904K, 100% used [0x00000000ebd00000,0x00000000f7480000,0x00000000f7480000)
  from space 41472K, 0% used [0x00000000f7480000,0x00000000f7480000,0x00000000f9d00000)
  to   space 40448K, 0% used [0x00000000fd400000,0x00000000fd400000,0x00000000ffb80000)
 ParOldGen       total 126976K, used 69462K [0x00000000c3600000, 0x00000000cb200000, 0x00000000ebd00000)
  object space 126976K, 54% used [0x00000000c3600000,0x00000000c79d5b90,0x00000000cb200000)
 Metaspace       used 23333K, capacity 23708K, committed 24064K, reserved 1071104K
  class space    used 2735K, capacity 2798K, committed 2816K, reserved 1048576K
Event: 274,521 GC heap after
Heap after GC invocations=21 (full 3):
 PSYoungGen      total 286720K, used 20786K [0x00000000ebd00000, 0x00000000ffc80000, 0x0000000100000000)
  eden space 246272K, 0% used [0x00000000ebd00000,0x00000000ebd00000,0x00000000fad80000)
  from space 40448K, 51% used [0x00000000fd400000,0x00000000fe84c950,0x00000000ffb80000)
  to   space 39424K, 0% used [0x00000000fad80000,0x00000000fad80000,0x00000000fd400000)
 ParOldGen       total 126976K, used 69462K [0x00000000c3600000, 0x00000000cb200000, 0x00000000ebd00000)
  object space 126976K, 54% used [0x00000000c3600000,0x00000000c79d5b90,0x00000000cb200000)
 Metaspace       used 23333K, capacity 23708K, committed 24064K, reserved 1071104K
  class space    used 2735K, capacity 2798K, committed 2816K, reserved 1048576K
}
Event: 335,135 GC heap before
{Heap before GC invocations=22 (full 3):
 PSYoungGen      total 286720K, used 267058K [0x00000000ebd00000, 0x00000000ffc80000, 0x0000000100000000)
  eden space 246272K, 100% used [0x00000000ebd00000,0x00000000fad80000,0x00000000fad80000)
  from space 40448K, 51% used [0x00000000fd400000,0x00000000fe84c950,0x00000000ffb80000)
  to   space 39424K, 0% used [0x00000000fad80000,0x00000000fad80000,0x00000000fd400000)
 ParOldGen       total 126976K, used 69462K [0x00000000c3600000, 0x00000000cb200000, 0x00000000ebd00000)
  object space 126976K, 54% used [0x00000000c3600000,0x00000000c79d5b90,0x00000000cb200000)
 Metaspace       used 23335K, capacity 23708K, committed 24064K, reserved 1071104K
  class space    used 2735K, capacity 2798K, committed 2816K, reserved 1048576K
Event: 337,218 GC heap after
Heap after GC invocations=22 (full 3):
 PSYoungGen      total 285696K, used 29248K [0x00000000ebd00000, 0x0000000100000000, 0x0000000100000000)
  eden space 246272K, 0% used [0x00000000ebd00000,0x00000000ebd00000,0x00000000fad80000)
  from space 39424K, 74% used [0x00000000fad80000,0x00000000fca10368,0x00000000fd400000)
  to   space 41472K, 0% used [0x00000000fd780000,0x00000000fd780000,0x0000000100000000)
 ParOldGen       total 126976K, used 69510K [0x00000000c3600000, 0x00000000cb200000, 0x00000000ebd00000)
  object space 126976K, 54% used [0x00000000c3600000,0x00000000c79e1ba0,0x00000000cb200000)
 Metaspace       used 23335K, capacity 23708K, committed 24064K, reserved 1071104K
  class space    used 2735K, capacity 2798K, committed 2816K, reserved 1048576K
}

